Start testing: May 22 16:12 CDT
----------------------------------------------------------
1/7 Testing: test_convection_sign
1/7 Test: test_convection_sign
Command: "/workspace/build/tests/test_convection_sign"
Directory: /workspace/build
"test_convection_sign" start time: May 22 16:12 CDT
Output:
----------------------------------------------------------
7/7 checks passed.
PASS
<end of output>
Test time =   0.21 sec
----------------------------------------------------------
Test Passed.
"test_convection_sign" end time: May 22 16:12 CDT
"test_convection_sign" time elapsed: 00:00:00
----------------------------------------------------------

2/7 Testing: test_payoff
2/7 Test: test_payoff
Command: "/workspace/build/tests/test_payoff"
Directory: /workspace/build
"test_payoff" start time: May 22 16:12 CDT
Output:
----------------------------------------------------------
97/97 tests passed.
<end of output>
Test time =   0.00 sec
----------------------------------------------------------
Test Passed.
"test_payoff" end time: May 22 16:12 CDT
"test_payoff" time elapsed: 00:00:00
----------------------------------------------------------

3/7 Testing: test_exact_solution
3/7 Test: test_exact_solution
Command: "/workspace/build/tests/test_exact_solution"
Directory: /workspace/build
"test_exact_solution" start time: May 22 16:12 CDT
Output:
----------------------------------------------------------
16/16 tests passed.
<end of output>
Test time =   0.00 sec
----------------------------------------------------------
Test Passed.
"test_exact_solution" end time: May 22 16:12 CDT
"test_exact_solution" time elapsed: 00:00:00
----------------------------------------------------------

4/7 Testing: test_primal_convergence
4/7 Test: test_primal_convergence
Command: "/workspace/build/tests/test_primal_convergence"
Directory: /workspace/build
"test_primal_convergence" start time: May 22 16:12 CDT
Output:
----------------------------------------------------------
   N_x           h      L2_error    EOC
----------------------------------------
     8   7.500e-01     6.975e+01    0.00
    16   3.750e-01     1.785e+01    1.97
    32   1.875e-01     4.490e+00    1.99

EOC (last pair)=1.992  (need >= 1.8)
PASS
<end of output>
Test time =   0.39 sec
----------------------------------------------------------
Test Passed.
"test_primal_convergence" end time: May 22 16:12 CDT
"test_primal_convergence" time elapsed: 00:00:00
----------------------------------------------------------

5/7 Testing: test_ultraweak_convergence
5/7 Test: test_ultraweak_convergence
Command: "/workspace/build/tests/test_ultraweak_convergence"
Directory: /workspace/build
"test_ultraweak_convergence" start time: May 22 16:12 CDT
Output:
----------------------------------------------------------
test_ultraweak_convergence: V2 not yet implemented — stub PASS.
<end of output>
Test time =   0.00 sec
----------------------------------------------------------
Test Passed.
"test_ultraweak_convergence" end time: May 22 16:12 CDT
"test_ultraweak_convergence" time elapsed: 00:00:00
----------------------------------------------------------

6/7 Testing: test_active_set
6/7 Test: test_active_set
Command: "/workspace/build/tests/test_active_set"
Directory: /workspace/build
"test_active_set" start time: May 22 16:12 CDT
Output:
----------------------------------------------------------
5/5 tests passed.
<end of output>
Test time =   0.00 sec
----------------------------------------------------------
Test Passed.
"test_active_set" end time: May 22 16:12 CDT
"test_active_set" time elapsed: 00:00:00
----------------------------------------------------------

7/7 Testing: test_basket_payoff
7/7 Test: test_basket_payoff
Command: "/workspace/build/tests/test_basket_payoff"
Directory: /workspace/build
"test_basket_payoff" start time: May 22 16:12 CDT
Output:
----------------------------------------------------------
27/27 tests passed.
<end of output>
Test time =   0.00 sec
----------------------------------------------------------
Test Passed.
"test_basket_payoff" end time: May 22 16:12 CDT
"test_basket_payoff" time elapsed: 00:00:00
----------------------------------------------------------

End testing: May 22 16:12 CDT
